#
# A fatal error has been detected by the Java Runtime Environment:
#
#  Internal Error (javaCalls.cpp:51), pid=10416, tid=0x000000000000162c
#  guarantee(thread->is_Java_thread()) failed: crucial check - the VM thread cannot and must not escape to Java code
#
# JRE version: Java(TM) SE Runtime Environment (8.0_231-b11) (build 1.8.0_231-b11)
# Java VM: Java HotSpot(TM) 64-Bit Server VM (25.231-b11 mixed mode windows-amd64 compressed oops)
# Failed to write core dump. Minidumps are not enabled by default on client versions of Windows
#
# If you would like to submit a bug report, please visit:
#   http://bugreport.java.com/bugreport/crash.jsp
#

---------------  T H R E A D  ---------------

Current thread (0x00000000186b5800):  VMThread [stack: 0x000000001ae00000,0x000000001af00000] [id=5676]

Stack: [0x000000001ae00000,0x000000001af00000]
[error occurred during error reporting (printing stack bounds), id 0xc0000005]

Native frames: (J=compiled Java code, j=interpreted, Vv=VM code, C=native code)

VM_Operation (0x000000001b83f300): GetOrSetLocal, mode: safepoint, requested by thread 0x0000000019dc0000


---------------  P R O C E S S  ---------------

Java Threads: ( => current thread )
  0x000000001f2d2000 JavaThread "MySQL Statement Cancellation Timer" daemon [_thread_blocked, id=472, stack(0x00000000233d0000,0x00000000234d0000)]
  0x000000001f2d5000 JavaThread "DestroyJavaVM" [_thread_blocked, id=12716, stack(0x00000000031c0000,0x00000000032c0000)]
  0x000000001f2d6800 JavaThread "http-nio-8080-Acceptor" daemon [_thread_in_native, id=16732, stack(0x0000000024560000,0x0000000024660000)]
  0x000000001f2d8000 JavaThread "http-nio-8080-ClientPoller" daemon [_thread_in_native, id=4812, stack(0x0000000024460000,0x0000000024560000)]
  0x000000001f2d7000 JavaThread "http-nio-8080-exec-10" daemon [_thread_blocked, id=16468, stack(0x0000000024360000,0x0000000024460000)]
  0x000000001f2d4000 JavaThread "http-nio-8080-exec-9" daemon [_thread_blocked, id=13732, stack(0x0000000024260000,0x0000000024360000)]
  0x000000001f2d3800 JavaThread "http-nio-8080-exec-8" daemon [_thread_blocked, id=12004, stack(0x0000000024160000,0x0000000024260000)]
  0x000000001f2d5800 JavaThread "http-nio-8080-exec-7" daemon [_thread_blocked, id=6380, stack(0x0000000024060000,0x0000000024160000)]
  0x000000001f2d8800 JavaThread "http-nio-8080-exec-6" daemon [_thread_blocked, id=14984, stack(0x0000000023f60000,0x0000000024060000)]
  0x000000001f2d0800 JavaThread "http-nio-8080-exec-5" daemon [_thread_blocked, id=15256, stack(0x0000000023e60000,0x0000000023f60000)]
  0x000000001f2d2800 JavaThread "http-nio-8080-exec-4" daemon [_thread_blocked, id=12828, stack(0x0000000023d60000,0x0000000023e60000)]
  0x000000001f2d1000 JavaThread "http-nio-8080-exec-3" daemon [_thread_blocked, id=9296, stack(0x0000000023c60000,0x0000000023d60000)]
  0x0000000022402000 JavaThread "http-nio-8080-exec-2" daemon [_thread_blocked, id=640, stack(0x0000000023b60000,0x0000000023c60000)]
  0x00000000223fe800 JavaThread "http-nio-8080-exec-1" daemon [_thread_blocked, id=8364, stack(0x0000000023a60000,0x0000000023b60000)]
  0x00000000223ff000 JavaThread "http-nio-8080-BlockPoller" daemon [_thread_in_native, id=15196, stack(0x0000000020640000,0x0000000020740000)]
  0x00000000223fd800 JavaThread "container-0" [_thread_blocked, id=2496, stack(0x0000000021da0000,0x0000000021ea0000)]
  0x0000000022400800 JavaThread "Catalina-utility-2" [_thread_blocked, id=1860, stack(0x00000000202e0000,0x00000000203e0000)]
  0x0000000022404800 JavaThread "Catalina-utility-1" [_thread_blocked, id=11696, stack(0x000000001ffe0000,0x00000000200e0000)]
  0x000000001a10a800 JavaThread "Service Thread" daemon [_thread_blocked, id=13128, stack(0x000000001be40000,0x000000001bf40000)]
  0x000000001a065800 JavaThread "C1 CompilerThread3" daemon [_thread_blocked, id=2592, stack(0x000000001bd40000,0x000000001be40000)]
  0x000000001a064800 JavaThread "C2 CompilerThread2" daemon [_thread_blocked, id=12624, stack(0x000000001bc40000,0x000000001bd40000)]
  0x000000001a060000 JavaThread "C2 CompilerThread1" daemon [_thread_blocked, id=10204, stack(0x000000001bb40000,0x000000001bc40000)]
  0x000000001a05b000 JavaThread "C2 CompilerThread0" daemon [_thread_blocked, id=460, stack(0x000000001ba40000,0x000000001bb40000)]
  0x0000000019dd1000 JavaThread "JDWP Command Reader" daemon [_thread_in_native, id=12412, stack(0x000000001b940000,0x000000001ba40000)]
  0x0000000019dca000 JavaThread "JDWP Event Helper Thread" daemon [_thread_blocked, id=820, stack(0x000000001b840000,0x000000001b940000)]
  0x0000000019dc0000 JavaThread "JDWP Transport Listener: dt_socket" daemon [_thread_blocked, id=16628, stack(0x000000001b740000,0x000000001b840000)]
  0x0000000019db1800 JavaThread "Attach Listener" daemon [_thread_blocked, id=8396, stack(0x000000001b300000,0x000000001b400000)]
  0x0000000019db0800 JavaThread "Signal Dispatcher" daemon [_thread_blocked, id=11668, stack(0x000000001b200000,0x000000001b300000)]
  0x0000000019da3000 JavaThread "Finalizer" daemon [_thread_blocked, id=348, stack(0x000000001b000000,0x000000001b100000)]
  0x00000000035be000 JavaThread "Reference Handler" daemon [_thread_blocked, id=16916, stack(0x000000001af00000,0x000000001b000000)]

Other Threads:
=>0x00000000186b5800 VMThread [stack: 0x000000001ae00000,0x000000001af00000] [id=5676]
  0x000000001a13c800 WatcherThread [stack: 0x000000001c740000,0x000000001c840000] [id=9892]

VM state:at safepoint (normal execution)

VM Mutex/Monitor currently owned by a thread:  ([mutex/lock_event])
[0x00000000034c1bd0] Threads_lock - owner thread: 0x00000000186b5800

heap address: 0x0000000082600000, size: 2010 MB, Compressed Oops mode: 32-bit
Narrow klass base: 0x0000000000000000, Narrow klass shift: 3
Compressed class space size: 1073741824 Address: 0x0000000100000000

Heap:
 PSYoungGen      total 138752K, used 49151K [0x00000000d6200000, 0x00000000e4180000, 0x0000000100000000)
  eden space 131072K, 31% used [0x00000000d6200000,0x00000000d8a843c0,0x00000000de200000)
  from space 7680K, 99% used [0x00000000de200000,0x00000000de97b8c8,0x00000000de980000)
  to   space 10240K, 0% used [0x00000000e3780000,0x00000000e3780000,0x00000000e4180000)
 ParOldGen       total 51712K, used 8172K [0x0000000082600000, 0x0000000085880000, 0x00000000d6200000)
  object space 51712K, 15% used [0x0000000082600000,0x0000000082dfb208,0x0000000085880000)
 Metaspace       used 32547K, capacity 34260K, committed 34560K, reserved 1079296K
  class space    used 3996K, capacity 4300K, committed 4352K, reserved 1048576K

Card table byte_map: [0x0000000012980000,0x0000000012d70000] byte_map_base: 0x000000001256d000

Marking Bits: (ParMarkBitMap*) 0x00000000617a6d90
 Begin Bits: [0x0000000013a10000, 0x0000000015978000)
 End Bits:   [0x0000000015978000, 0x00000000178e0000)

Polling page: 0x0000000001860000

CodeCache: size=245760Kb used=9512Kb max_used=12033Kb free=236247Kb
 bounds [0x00000000035c0000, 0x0000000004190000, 0x00000000125c0000]
 total_blobs=3144 nmethods=2683 adapters=381
 compilation: enabled

Compilation events (10 events):
Event: 136.221 Thread 0x000000001a065800 3117       3       java.util.concurrent.locks.AbstractQueuedSynchronizer::releaseShared (16 bytes)
Event: 136.221 Thread 0x000000001a065800 nmethod 3117 0x0000000003b060d0 code [0x0000000003b06240, 0x0000000003b064f8]
Event: 136.221 Thread 0x000000001a065800 3118       3       java.util.concurrent.locks.AbstractQueuedSynchronizer::doReleaseShared (79 bytes)
Event: 136.222 Thread 0x000000001a065800 nmethod 3118 0x0000000003a0f390 code [0x0000000003a0f540, 0x0000000003a0fb08]
Event: 136.222 Thread 0x000000001a065800 3119       3       java.util.concurrent.locks.ReentrantReadWriteLock$ReadLock::lock (9 bytes)
Event: 136.222 Thread 0x000000001a065800 nmethod 3119 0x0000000003e7d650 code [0x0000000003e7d7c0, 0x0000000003e7db38]
Event: 142.855 Thread 0x000000001a065800 3120       1       java.nio.channels.SelectionKey::attachment (5 bytes)
Event: 142.855 Thread 0x000000001a065800 nmethod 3120 0x0000000003dd0150 code [0x0000000003dd02a0, 0x0000000003dd03b0]
Event: 146.222 Thread 0x000000001a065800 3121       3       java.util.concurrent.locks.ReentrantReadWriteLock::readLock (5 bytes)
Event: 146.222 Thread 0x000000001a065800 nmethod 3121 0x0000000003cc8d50 code [0x0000000003cc8ea0, 0x0000000003cc9010]

GC Heap History (10 events):
Event: 1.573 GC heap before
{Heap before GC invocations=4 (full 0):
 PSYoungGen      total 37888K, used 37875K [0x00000000d6200000, 0x00000000dac00000, 0x0000000100000000)
  eden space 32768K, 100% used [0x00000000d6200000,0x00000000d8200000,0x00000000d8200000)
  from space 5120K, 99% used [0x00000000d8200000,0x00000000d86fcce8,0x00000000d8700000)
  to   space 5120K, 0% used [0x00000000da700000,0x00000000da700000,0x00000000dac00000)
 ParOldGen       total 86016K, used 32K [0x0000000082600000, 0x0000000087a00000, 0x00000000d6200000)
  object space 86016K, 0% used [0x0000000082600000,0x0000000082608000,0x0000000087a00000)
 Metaspace       used 16656K, capacity 17092K, committed 17280K, reserved 1064960K
  class space    used 1984K, capacity 2124K, committed 2176K, reserved 1048576K
Event: 1.579 GC heap after
Heap after GC invocations=4 (full 0):
 PSYoungGen      total 70656K, used 5090K [0x00000000d6200000, 0x00000000dac00000, 0x0000000100000000)
  eden space 65536K, 0% used [0x00000000d6200000,0x00000000d6200000,0x00000000da200000)
  from space 5120K, 99% used [0x00000000da700000,0x00000000dabf8ab8,0x00000000dac00000)
  to   space 5120K, 0% used [0x00000000da200000,0x00000000da200000,0x00000000da700000)
 ParOldGen       total 86016K, used 450K [0x0000000082600000, 0x0000000087a00000, 0x00000000d6200000)
  object space 86016K, 0% used [0x0000000082600000,0x0000000082670a18,0x0000000087a00000)
 Metaspace       used 16656K, capacity 17092K, committed 17280K, reserved 1064960K
  class space    used 1984K, capacity 2124K, committed 2176K, reserved 1048576K
}
Event: 2.180 GC heap before
{Heap before GC invocations=5 (full 0):
 PSYoungGen      total 70656K, used 70626K [0x00000000d6200000, 0x00000000dac00000, 0x0000000100000000)
  eden space 65536K, 100% used [0x00000000d6200000,0x00000000da200000,0x00000000da200000)
  from space 5120K, 99% used [0x00000000da700000,0x00000000dabf8ab8,0x00000000dac00000)
  to   space 5120K, 0% used [0x00000000da200000,0x00000000da200000,0x00000000da700000)
 ParOldGen       total 86016K, used 450K [0x0000000082600000, 0x0000000087a00000, 0x00000000d6200000)
  object space 86016K, 0% used [0x0000000082600000,0x0000000082670a18,0x0000000087a00000)
 Metaspace       used 20249K, capacity 20960K, committed 21120K, reserved 1067008K
  class space    used 2490K, capacity 2662K, committed 2688K, reserved 1048576K
Event: 2.189 GC heap after
Heap after GC invocations=5 (full 0):
 PSYoungGen      total 70656K, used 5090K [0x00000000d6200000, 0x00000000df200000, 0x0000000100000000)
  eden space 65536K, 0% used [0x00000000d6200000,0x00000000d6200000,0x00000000da200000)
  from space 5120K, 99% used [0x00000000da200000,0x00000000da6f8a98,0x00000000da700000)
  to   space 8192K, 0% used [0x00000000dea00000,0x00000000dea00000,0x00000000df200000)
 ParOldGen       total 86016K, used 3008K [0x0000000082600000, 0x0000000087a00000, 0x00000000d6200000)
  object space 86016K, 3% used [0x0000000082600000,0x00000000828f0000,0x0000000087a00000)
 Metaspace       used 20249K, capacity 20960K, committed 21120K, reserved 1067008K
  class space    used 2490K, capacity 2662K, committed 2688K, reserved 1048576K
}
Event: 2.347 GC heap before
{Heap before GC invocations=6 (full 0):
 PSYoungGen      total 70656K, used 45758K [0x00000000d6200000, 0x00000000df200000, 0x0000000100000000)
  eden space 65536K, 62% used [0x00000000d6200000,0x00000000d89b6ef8,0x00000000da200000)
  from space 5120K, 99% used [0x00000000da200000,0x00000000da6f8a98,0x00000000da700000)
  to   space 8192K, 0% used [0x00000000dea00000,0x00000000dea00000,0x00000000df200000)
 ParOldGen       total 86016K, used 3008K [0x0000000082600000, 0x0000000087a00000, 0x00000000d6200000)
  object space 86016K, 3% used [0x0000000082600000,0x00000000828f0000,0x0000000087a00000)
 Metaspace       used 20555K, capacity 21226K, committed 21296K, reserved 1069056K
  class space    used 2513K, capacity 2671K, committed 2688K, reserved 1048576K
Event: 2.354 GC heap after
Heap after GC invocations=6 (full 0):
 PSYoungGen      total 138240K, used 5087K [0x00000000d6200000, 0x00000000df100000, 0x0000000100000000)
  eden space 131072K, 0% used [0x00000000d6200000,0x00000000d6200000,0x00000000de200000)
  from space 7168K, 70% used [0x00000000dea00000,0x00000000deef7d98,0x00000000df100000)
  to   space 7680K, 0% used [0x00000000de200000,0x00000000de200000,0x00000000de980000)
 ParOldGen       total 86016K, used 3016K [0x0000000082600000, 0x0000000087a00000, 0x00000000d6200000)
  object space 86016K, 3% used [0x0000000082600000,0x00000000828f2000,0x0000000087a00000)
 Metaspace       used 20555K, capacity 21226K, committed 21296K, reserved 1069056K
  class space    used 2513K, capacity 2671K, committed 2688K, reserved 1048576K
}
Event: 2.354 GC heap before
{Heap before GC invocations=7 (full 1):
 PSYoungGen      total 138240K, used 5087K [0x00000000d6200000, 0x00000000df100000, 0x0000000100000000)
  eden space 131072K, 0% used [0x00000000d6200000,0x00000000d6200000,0x00000000de200000)
  from space 7168K, 70% used [0x00000000dea00000,0x00000000deef7d98,0x00000000df100000)
  to   space 7680K, 0% used [0x00000000de200000,0x00000000de200000,0x00000000de980000)
 ParOldGen       total 86016K, used 3016K [0x0000000082600000, 0x0000000087a00000, 0x00000000d6200000)
  object space 86016K, 3% used [0x0000000082600000,0x00000000828f2000,0x0000000087a00000)
 Metaspace       used 20555K, capacity 21226K, committed 21296K, reserved 1069056K
  class space    used 2513K, capacity 2671K, committed 2688K, reserved 1048576K
Event: 2.385 GC heap after
Heap after GC invocations=7 (full 1):
 PSYoungGen      total 138240K, used 0K [0x00000000d6200000, 0x00000000df100000, 0x0000000100000000)
  eden space 131072K, 0% used [0x00000000d6200000,0x00000000d6200000,0x00000000de200000)
  from space 7168K, 0% used [0x00000000dea00000,0x00000000dea00000,0x00000000df100000)
  to   space 7680K, 0% used [0x00000000de200000,0x00000000de200000,0x00000000de980000)
 ParOldGen       total 51712K, used 4889K [0x0000000082600000, 0x0000000085880000, 0x00000000d6200000)
  object space 51712K, 9% used [0x0000000082600000,0x0000000082ac66a0,0x0000000085880000)
 Metaspace       used 20553K, capacity 21220K, committed 21296K, reserved 1069056K
  class space    used 2513K, capacity 2670K, committed 2688K, reserved 1048576K
}
Event: 6.661 GC heap before
{Heap before GC invocations=8 (full 1):
 PSYoungGen      total 138240K, used 131072K [0x00000000d6200000, 0x00000000df100000, 0x0000000100000000)
  eden space 131072K, 100% used [0x00000000d6200000,0x00000000de200000,0x00000000de200000)
  from space 7168K, 0% used [0x00000000dea00000,0x00000000dea00000,0x00000000df100000)
  to   space 7680K, 0% used [0x00000000de200000,0x00000000de200000,0x00000000de980000)
 ParOldGen       total 51712K, used 4889K [0x0000000082600000, 0x0000000085880000, 0x00000000d6200000)
  object space 51712K, 9% used [0x0000000082600000,0x0000000082ac66a0,0x0000000085880000)
 Metaspace       used 29360K, capacity 31004K, committed 31104K, reserved 1077248K
  class space    used 3673K, capacity 3956K, committed 3968K, reserved 1048576K
Event: 6.673 GC heap after
Heap after GC invocations=8 (full 1):
 PSYoungGen      total 138752K, used 7662K [0x00000000d6200000, 0x00000000e4180000, 0x0000000100000000)
  eden space 131072K, 0% used [0x00000000d6200000,0x00000000d6200000,0x00000000de200000)
  from space 7680K, 99% used [0x00000000de200000,0x00000000de97b8c8,0x00000000de980000)
  to   space 10240K, 0% used [0x00000000e3780000,0x00000000e3780000,0x00000000e4180000)
 ParOldGen       total 51712K, used 8172K [0x0000000082600000, 0x0000000085880000, 0x00000000d6200000)
  object space 51712K, 15% used [0x0000000082600000,0x0000000082dfb208,0x0000000085880000)
 Metaspace       used 29360K, capacity 31004K, committed 31104K, reserved 1077248K
  class space    used 3673K, capacity 3956K, committed 3968K, reserved 1048576K
}

Deoptimization events (10 events):
Event: 18.136 Thread 0x0000000022402000 Uncommon trap: reason=unhandled action=none pc=0x0000000003de6688 method=java.net.URLClassLoader.findClass(Ljava/lang/String;)Ljava/lang/Class; @ 44
Event: 18.143 Thread 0x0000000022402000 Uncommon trap: reason=unhandled action=none pc=0x0000000003de6688 method=java.net.URLClassLoader.findClass(Ljava/lang/String;)Ljava/lang/Class; @ 44
Event: 18.147 Thread 0x0000000022402000 Uncommon trap: reason=unhandled action=none pc=0x0000000003de6688 method=java.net.URLClassLoader.findClass(Ljava/lang/String;)Ljava/lang/Class; @ 44
Event: 18.155 Thread 0x0000000022402000 Uncommon trap: reason=unhandled action=none pc=0x0000000003de6688 method=java.net.URLClassLoader.findClass(Ljava/lang/String;)Ljava/lang/Class; @ 44
Event: 18.157 Thread 0x0000000022402000 Uncommon trap: reason=unhandled action=none pc=0x0000000003de6688 method=java.net.URLClassLoader.findClass(Ljava/lang/String;)Ljava/lang/Class; @ 44
Event: 18.620 Thread 0x0000000022402000 Uncommon trap: reason=unhandled action=none pc=0x0000000003de6688 method=java.net.URLClassLoader.findClass(Ljava/lang/String;)Ljava/lang/Class; @ 44
Event: 19.264 Thread 0x0000000022402000 Uncommon trap: reason=unhandled action=none pc=0x0000000003de6688 method=java.net.URLClassLoader.findClass(Ljava/lang/String;)Ljava/lang/Class; @ 44
Event: 19.270 Thread 0x0000000022402000 Uncommon trap: reason=unhandled action=none pc=0x0000000003de6688 method=java.net.URLClassLoader.findClass(Ljava/lang/String;)Ljava/lang/Class; @ 44
Event: 19.274 Thread 0x0000000022402000 Uncommon trap: reason=unhandled action=none pc=0x0000000003de6688 method=java.net.URLClassLoader.findClass(Ljava/lang/String;)Ljava/lang/Class; @ 44
Event: 19.275 Thread 0x0000000022402000 Uncommon trap: reason=unhandled action=none pc=0x0000000003de6688 method=java.net.URLClassLoader.findClass(Ljava/lang/String;)Ljava/lang/Class; @ 44

Classes redefined (3 events):
Event: 128.627 Thread 0x00000000186b5800 redefined class name=com.igl.tracklocation.UserTrackingServices, count=1
Event: 139.950 Thread 0x00000000186b5800 redefined class name=com.igl.tracklocation.UserTrackingServices, count=2
Event: 148.836 Thread 0x00000000186b5800 redefined class name=com.igl.tracklocation.UserTrackingServices, count=3

Internal exceptions (10 events):
Event: 16.959 Thread 0x0000000022402000 Exception <a 'java/security/PrivilegedActionException'> (0x00000000d78fa080) thrown at [C:\re\workspace\8-2-build-windows-amd64-cygwin\jdk8u231\13620\hotspot\src\share\vm\prims\jvm.cpp, line 1502]
Event: 16.959 Thread 0x0000000022402000 Exception <a 'java/security/PrivilegedActionException'> (0x00000000d78fa660) thrown at [C:\re\workspace\8-2-build-windows-amd64-cygwin\jdk8u231\13620\hotspot\src\share\vm\prims\jvm.cpp, line 1502]
Event: 16.966 Thread 0x0000000022402000 Exception <a 'java/security/PrivilegedActionException'> (0x00000000d794e088) thrown at [C:\re\workspace\8-2-build-windows-amd64-cygwin\jdk8u231\13620\hotspot\src\share\vm\prims\jvm.cpp, line 1502]
Event: 16.966 Thread 0x0000000022402000 Exception <a 'java/security/PrivilegedActionException'> (0x00000000d794e668) thrown at [C:\re\workspace\8-2-build-windows-amd64-cygwin\jdk8u231\13620\hotspot\src\share\vm\prims\jvm.cpp, line 1502]
Event: 16.967 Thread 0x0000000022402000 Exception <a 'java/security/PrivilegedActionException'> (0x00000000d7955130) thrown at [C:\re\workspace\8-2-build-windows-amd64-cygwin\jdk8u231\13620\hotspot\src\share\vm\prims\jvm.cpp, line 1502]
Event: 16.967 Thread 0x0000000022402000 Exception <a 'java/security/PrivilegedActionException'> (0x00000000d7955710) thrown at [C:\re\workspace\8-2-build-windows-amd64-cygwin\jdk8u231\13620\hotspot\src\share\vm\prims\jvm.cpp, line 1502]
Event: 16.967 Thread 0x0000000022402000 Exception <a 'java/security/PrivilegedActionException'> (0x00000000d795c370) thrown at [C:\re\workspace\8-2-build-windows-amd64-cygwin\jdk8u231\13620\hotspot\src\share\vm\prims\jvm.cpp, line 1502]
Event: 16.967 Thread 0x0000000022402000 Exception <a 'java/security/PrivilegedActionException'> (0x00000000d795c950) thrown at [C:\re\workspace\8-2-build-windows-amd64-cygwin\jdk8u231\13620\hotspot\src\share\vm\prims\jvm.cpp, line 1502]
Event: 16.968 Thread 0x0000000022402000 Exception <a 'java/security/PrivilegedActionException'> (0x00000000d79636e0) thrown at [C:\re\workspace\8-2-build-windows-amd64-cygwin\jdk8u231\13620\hotspot\src\share\vm\prims\jvm.cpp, line 1502]
Event: 16.968 Thread 0x0000000022402000 Exception <a 'java/security/PrivilegedActionException'> (0x00000000d7963cc0) thrown at [C:\re\workspace\8-2-build-windows-amd64-cygwin\jdk8u231\13620\hotspot\src\share\vm\prims\jvm.cpp, line 1502]

Events (10 events):
Event: 148.923 Executing VM operation: ChangeBreakpoints done
Event: 148.923 Executing VM operation: ChangeBreakpoints
Event: 148.924 Executing VM operation: ChangeBreakpoints done
Event: 148.934 Executing VM operation: ChangeBreakpoints
Event: 148.936 Executing VM operation: ChangeBreakpoints done
Event: 148.964 Executing VM operation: GetOwnedMonitorInfo
Event: 148.964 Executing VM operation: GetOwnedMonitorInfo done
Event: 148.965 Executing VM operation: GetCurrentContendedMonitor
Event: 148.965 Executing VM operation: GetCurrentContendedMonitor done
Event: 148.970 Executing VM operation: GetOrSetLocal


Dynamic libraries:
0x00007ff794f00000 - 0x00007ff794f37000 	C:\Program Files\Java\jre1.8.0_231\bin\javaw.exe
0x00007ffa6a280000 - 0x00007ffa6a470000 	C:\WINDOWS\SYSTEM32\ntdll.dll
0x00007ffa688e0000 - 0x00007ffa68992000 	C:\WINDOWS\System32\KERNEL32.DLL
0x00007ffa68010000 - 0x00007ffa682b4000 	C:\WINDOWS\System32\KERNELBASE.dll
0x00007ffa69cf0000 - 0x00007ffa69d93000 	C:\WINDOWS\System32\ADVAPI32.dll
0x00007ffa68a70000 - 0x00007ffa68b0e000 	C:\WINDOWS\System32\msvcrt.dll
0x00007ffa69200000 - 0x00007ffa69297000 	C:\WINDOWS\System32\sechost.dll
0x00007ffa69790000 - 0x00007ffa698b0000 	C:\WINDOWS\System32\RPCRT4.dll
0x00007ffa69a60000 - 0x00007ffa69bf4000 	C:\WINDOWS\System32\USER32.dll
0x00007ffa673c0000 - 0x00007ffa673e1000 	C:\WINDOWS\System32\win32u.dll
0x00007ffa68880000 - 0x00007ffa688a6000 	C:\WINDOWS\System32\GDI32.dll
0x00007ffa67cf0000 - 0x00007ffa67e84000 	C:\WINDOWS\System32\gdi32full.dll
0x00007ffa67e90000 - 0x00007ffa67f2e000 	C:\WINDOWS\System32\msvcp_win.dll
0x00007ffa673f0000 - 0x00007ffa674ea000 	C:\WINDOWS\System32\ucrtbase.dll
0x00007ffa4d1e0000 - 0x00007ffa4d464000 	C:\WINDOWS\WinSxS\amd64_microsoft.windows.common-controls_6595b64144ccf1df_6.0.18362.836_none_e6c4b943130f18ed\COMCTL32.dll
0x00007ffa684c0000 - 0x00007ffa687f6000 	C:\WINDOWS\System32\combase.dll
0x00007ffa67c70000 - 0x00007ffa67cf0000 	C:\WINDOWS\System32\bcryptPrimitives.dll
0x00007ffa688b0000 - 0x00007ffa688de000 	C:\WINDOWS\System32\IMM32.DLL
0x00000000620e0000 - 0x00000000621b2000 	C:\Program Files\Java\jre1.8.0_231\bin\msvcr100.dll
0x0000000060f80000 - 0x0000000061826000 	C:\Program Files\Java\jre1.8.0_231\bin\server\jvm.dll
0x00007ffa68800000 - 0x00007ffa68808000 	C:\WINDOWS\System32\PSAPI.DLL
0x00007ffa4ecc0000 - 0x00007ffa4ecc9000 	C:\WINDOWS\SYSTEM32\WSOCK32.dll
0x00007ffa65150000 - 0x00007ffa65174000 	C:\WINDOWS\SYSTEM32\WINMM.dll
0x00007ffa632a0000 - 0x00007ffa632aa000 	C:\WINDOWS\SYSTEM32\VERSION.dll
0x00007ffa699f0000 - 0x00007ffa69a5f000 	C:\WINDOWS\System32\WS2_32.dll
0x00007ffa650f0000 - 0x00007ffa6511d000 	C:\WINDOWS\SYSTEM32\winmmbase.dll
0x00007ffa682e0000 - 0x00007ffa6832a000 	C:\WINDOWS\System32\cfgmgr32.dll
0x00007ffa39730000 - 0x00007ffa3973f000 	C:\Program Files\Java\jre1.8.0_231\bin\verify.dll
0x00007ffa28c70000 - 0x00007ffa28c99000 	C:\Program Files\Java\jre1.8.0_231\bin\java.dll
0x00007ffa5d630000 - 0x00007ffa5d665000 	C:\Program Files\Java\jre1.8.0_231\bin\jdwp.dll
0x00007ffa626f0000 - 0x00007ffa626f8000 	C:\Program Files\Java\jre1.8.0_231\bin\npt.dll
0x00007ffa43700000 - 0x00007ffa43723000 	C:\Program Files\Java\jre1.8.0_231\bin\instrument.dll
0x00007ffa28c50000 - 0x00007ffa28c66000 	C:\Program Files\Java\jre1.8.0_231\bin\zip.dll
0x00007ffa68b10000 - 0x00007ffa691f4000 	C:\WINDOWS\System32\SHELL32.dll
0x00007ffa683b0000 - 0x00007ffa68459000 	C:\WINDOWS\System32\shcore.dll
0x00007ffa674f0000 - 0x00007ffa67c6e000 	C:\WINDOWS\System32\windows.storage.dll
0x00007ffa67150000 - 0x00007ffa67173000 	C:\WINDOWS\System32\profapi.dll
0x00007ffa671c0000 - 0x00007ffa6720a000 	C:\WINDOWS\System32\powrprof.dll
0x00007ffa67140000 - 0x00007ffa67150000 	C:\WINDOWS\System32\UMPDC.dll
0x00007ffa69c10000 - 0x00007ffa69c62000 	C:\WINDOWS\System32\shlwapi.dll
0x00007ffa67180000 - 0x00007ffa67191000 	C:\WINDOWS\System32\kernel.appcore.dll
0x00007ffa682c0000 - 0x00007ffa682d7000 	C:\WINDOWS\System32\cryptsp.dll
0x00007ffa626e0000 - 0x00007ffa626e9000 	C:\Program Files\Java\jre1.8.0_231\bin\dt_socket.dll
0x00007ffa467a0000 - 0x00007ffa467b6000 	C:\WINDOWS\system32\napinsp.dll
0x00007ffa46780000 - 0x00007ffa4679a000 	C:\WINDOWS\system32\pnrpnsp.dll
0x00007ffa669b0000 - 0x00007ffa66a17000 	C:\WINDOWS\System32\mswsock.dll
0x00007ffa666a0000 - 0x00007ffa6676b000 	C:\WINDOWS\SYSTEM32\DNSAPI.dll
0x00007ffa6a230000 - 0x00007ffa6a238000 	C:\WINDOWS\System32\NSI.dll
0x00007ffa66660000 - 0x00007ffa6669a000 	C:\WINDOWS\SYSTEM32\IPHLPAPI.DLL
0x00007ffa46730000 - 0x00007ffa4673e000 	C:\WINDOWS\System32\winrnr.dll
0x00007ffa624d0000 - 0x00007ffa624ec000 	C:\WINDOWS\system32\NLAapi.dll
0x00007ffa46710000 - 0x00007ffa46725000 	C:\WINDOWS\system32\wshbth.dll
0x00007ffa60880000 - 0x00007ffa608f7000 	C:\WINDOWS\System32\fwpuclnt.dll
0x00007ffa67fe0000 - 0x00007ffa68006000 	C:\WINDOWS\System32\bcrypt.dll
0x00007ffa59780000 - 0x00007ffa5978a000 	C:\Windows\System32\rasadhlp.dll
0x00007ffa62700000 - 0x00007ffa6270d000 	C:\Program Files\Java\jre1.8.0_231\bin\management.dll
0x00007ffa28c30000 - 0x00007ffa28c4a000 	C:\Program Files\Java\jre1.8.0_231\bin\net.dll
0x00007ffa28c10000 - 0x00007ffa28c22000 	C:\Program Files\Java\jre1.8.0_231\bin\nio.dll
0x00007ffa664c0000 - 0x00007ffa664f3000 	C:\WINDOWS\system32\rsaenh.dll
0x00007ffa67060000 - 0x00007ffa67085000 	C:\WINDOWS\SYSTEM32\USERENV.dll
0x00007ffa66b80000 - 0x00007ffa66b8c000 	C:\WINDOWS\SYSTEM32\CRYPTBASE.dll
0x00007ffa614e0000 - 0x00007ffa614f6000 	C:\WINDOWS\SYSTEM32\dhcpcsvc6.DLL
0x00007ffa61c60000 - 0x00007ffa61c7c000 	C:\WINDOWS\SYSTEM32\dhcpcsvc.DLL

VM Arguments:
jvm_args: -agentlib:jdwp=transport=dt_socket,suspend=y,address=localhost:51277 -javaagent:D:\document\eclipse-jee-2020-03-R-incubation-win32-x86_64\eclipse\configuration\org.eclipse.osgi\411\0\.cp\lib\javaagent-shaded.jar -Dfile.encoding=UTF-8 
java_command: com.igl.tracklocation.TracklocationApplication
java_class_path (initial): D:\workspace_may\tracklocation\target\classes;C:\Users\suraj\.m2\repository\org\springframework\boot\spring-boot-starter-tomcat\2.3.0.RELEASE\spring-boot-starter-tomcat-2.3.0.RELEASE.jar;C:\Users\suraj\.m2\repository\jakarta\annotation\jakarta.annotation-api\1.3.5\jakarta.annotation-api-1.3.5.jar;C:\Users\suraj\.m2\repository\org\apache\tomcat\embed\tomcat-embed-core\9.0.35\tomcat-embed-core-9.0.35.jar;C:\Users\suraj\.m2\repository\org\glassfish\jakarta.el\3.0.3\jakarta.el-3.0.3.jar;C:\Users\suraj\.m2\repository\org\apache\tomcat\embed\tomcat-embed-websocket\9.0.35\tomcat-embed-websocket-9.0.35.jar;C:\Users\suraj\.m2\repository\org\springframework\boot\spring-boot-starter\2.3.0.RELEASE\spring-boot-starter-2.3.0.RELEASE.jar;C:\Users\suraj\.m2\repository\org\springframework\boot\spring-boot\2.3.0.RELEASE\spring-boot-2.3.0.RELEASE.jar;C:\Users\suraj\.m2\repository\org\springframework\spring-context\5.2.6.RELEASE\spring-context-5.2.6.RELEASE.jar;C:\Users\suraj\.m2\repository\org\springframework\boot\spring-boot-autoconfigure\2.3.0.RELEASE\spring-boot-autoconfigure-2.3.0.RELEASE.jar;C:\Users\suraj\.m2\repository\org\springframework\boot\spring-boot-starter-logging\2.3.0.RELEASE\spring-boot-starter-logging-2.3.0.RELEASE.jar;C:\Users\suraj\.m2\repository\ch\qos\logback\logback-classic\1.2.3\logback-classic-1.2.3.jar;C:\Users\suraj\.m2\repository\ch\qos\logback\logback-core\1.2.3\logback-core-1.2.3.jar;C:\Users\suraj\.m2\repository\org\apache\logging\log4j\log4j-to-slf4j\2.13.2\log4j-to-slf4j-2.13.2.jar;C:\Users\suraj\.m2\repository\org\apache\logging\log4j\log4j-api\2.13.2\log4j-api-2.13.2.jar;C:\Users\suraj\.m2\repository\org\slf4j\jul-to-slf4j\1.7.30\jul-to-slf4j-1.7.30.jar;C:\Users\suraj\.m2\repository\org\springframework\spring-core\5.2.6.RELEASE\spring-core-5.2.6.RELEASE.jar;C:\Users\suraj\.m2\repository\org\springframework\spring-jcl\5.2.6.RELEASE\spring-jcl-5.2.6.RELEASE.jar;C:\Users\suraj\.m2\repository\org\yaml\snakeyaml\1.26\snakeyaml
Launcher Type: SUN_STANDARD

Environment Variables:
JAVA_HOME=C:\Program Files\Java\jdk1.7.0_80
PATH=C:\Program Files (x86)\Common Files\Oracle\Java\javapath;C:\Program Files\Python36\Scripts\;C:\Program Files\Python36\;C:\Program Files (x86)\Intel\Intel(R) Management Engine Components\iCLS\;C:\Program Files\Intel\Intel(R) Management Engine Components\iCLS\;C:\Windows\system32;C:\Windows;C:\Windows\System32\Wbem;C:\Windows\System32\WindowsPowerShell\v1.0\;C:\Windows\System32\OpenSSH\;C:\Program Files\Intel\WiFi\bin\;C:\Program Files\Common Files\Intel\WirelessCommon\;C:\Program Files (x86)\Intel\Intel(R) Management Engine Components\DAL;C:\Program Files\Intel\Intel(R) Management Engine Components\DAL;C:\Program Files (x86)\Intel\Intel(R) Management Engine Components\IPT;C:\Program Files\Intel\Intel(R) Management Engine Components\IPT;C:\Program Files\NVIDIA Corporation\NVIDIA NvDLISR;C:\Program Files (x86)\NVIDIA Corporation\PhysX\Common;C:\Program Files\Java\jdk1.7.0_80\bin;C:\WINDOWS\system32;C:\WINDOWS;C:\WINDOWS\System32\Wbem;C:\WINDOWS\System32\WindowsPowerShell\v1.0\;C:\WINDOWS\System32\OpenSSH\;C:\Users\suraj\AppData\Roaming\Python\Python36\Scripts;C:\Users\suraj\AppData\Local\Microsoft\WindowsApps;
USERNAME=suraj
OS=Windows_NT
PROCESSOR_IDENTIFIER=Intel64 Family 6 Model 158 Stepping 10, GenuineIntel



---------------  S Y S T E M  ---------------

OS: Windows 10.0 , 64 bit Build 18362 (10.0.18362.778)

CPU:total 12 (initial active 12) (6 cores per cpu, 2 threads per core) family 6 model 158 stepping 10, cmov, cx8, fxsr, mmx, sse, sse2, sse3, ssse3, sse4.1, sse4.2, popcnt, avx, avx2, aes, clmul, erms, 3dnowpref, lzcnt, ht, tsc, tscinvbit, bmi1, bmi2, adx

Memory: 4k page, physical 8231144k(3018004k free), swap 16357608k(7396944k free)

vm_info: Java HotSpot(TM) 64-Bit Server VM (25.231-b11) for windows-amd64 JRE (1.8.0_231-b11), built on Oct  5 2019 03:11:30 by "java_re" with MS VC++ 10.0 (VS2010)

time: Wed May 27 14:37:56 2020
timezone: India Standard Time
elapsed time: 148 seconds (0d 0h 2m 28s)

